[debug] [2025-06-12T09:34:27.209Z] ----------------------------------------------------------------------
[debug] [2025-06-12T09:34:27.213Z] Command:       /nix/store/rbdrkcs5kkwpalxcd7c6bnm33lk2955n-nodejs-20.19.0/bin/node /nix/store/nh3zwzkz6wh6qa7bd2ywzr7irjij7j1i-firebase-tools-14.3.1/lib/node_modules/firebase-tools/lib/bin/firebase.js init
[debug] [2025-06-12T09:34:27.215Z] CLI Version:   14.3.1
[debug] [2025-06-12T09:34:27.215Z] Platform:      linux
[debug] [2025-06-12T09:34:27.215Z] Node Version:  v20.19.0
[debug] [2025-06-12T09:34:27.216Z] Time:          Thu Jun 12 2025 09:34:27 GMT+0000 (Coordinated Universal Time)
[debug] [2025-06-12T09:34:27.216Z] ----------------------------------------------------------------------
[debug] 
[debug] [2025-06-12T09:34:27.221Z] >>> [apiv2][query] GET https://firebase-public.firebaseio.com/cli.json [none]
[debug] [2025-06-12T09:34:27.319Z] > command requires scopes: ["email","openid","https://www.googleapis.com/auth/cloudplatformprojects.readonly","https://www.googleapis.com/auth/firebase","https://www.googleapis.com/auth/cloud-platform"]
[debug] [2025-06-12T09:34:27.603Z] <<< [apiv2][status] GET https://firebase-public.firebaseio.com/cli.json 200
[debug] [2025-06-12T09:34:27.605Z] <<< [apiv2][body] GET https://firebase-public.firebaseio.com/cli.json {"cloudBuildErrorAfter":1594252800000,"cloudBuildWarnAfter":1590019200000,"defaultNode10After":1594252800000,"minVersion":"3.0.5","node8DeploysDisabledAfter":1613390400000,"node8RuntimeDisabledAfter":1615809600000,"node8WarnAfter":1600128000000}
[debug] [2025-06-12T09:34:51.862Z] Running auto auth
[info] 
     ######## #### ########  ######## ########     ###     ######  ########
     ##        ##  ##     ## ##       ##     ##  ##   ##  ##       ##
     ######    ##  ########  ######   ########  #########  ######  ######
     ##        ##  ##    ##  ##       ##     ## ##     ##       ## ##
     ##       #### ##     ## ######## ########  ##     ##  ######  ########

You're about to initialize a Firebase project in this directory:

  /home/user/studio

